cl : 命令行 warning D9025: 正在重写“/sdl”(用“/GS-”)
  sms_answer.cpp
  sms_choice.cpp
d:\单项选择题标准化考试系统\sms_choice.cpp(5): warning C4996: 'scanf': This function or variable may be unsafe. Consider using scanf_s instead. To disable deprecation, use _CRT_SECURE_NO_WARNINGS. See online help for details.
  c:\program files (x86)\windows kits\10\include\10.0.16299.0\ucrt\stdio.h(1272): note: 参见“scanf”的声明
  sms_fileread.cpp
d:\单项选择题标准化考试系统\sms_fileread.cpp(5): warning C4996: 'fopen': This function or variable may be unsafe. Consider using fopen_s instead. To disable deprecation, use _CRT_SECURE_NO_WARNINGS. See online help for details.
  c:\program files (x86)\windows kits\10\include\10.0.16299.0\ucrt\stdio.h(207): note: 参见“fopen”的声明
d:\单项选择题标准化考试系统\sms_fileread.cpp(13): warning C4996: 'fscanf': This function or variable may be unsafe. Consider using fscanf_s instead. To disable deprecation, use _CRT_SECURE_NO_WARNINGS. See online help for details.
  c:\program files (x86)\windows kits\10\include\10.0.16299.0\ucrt\stdio.h(1195): note: 参见“fscanf”的声明
d:\单项选择题标准化考试系统\sms_fileread.cpp(19): warning C4996: 'fscanf': This function or variable may be unsafe. Consider using fscanf_s instead. To disable deprecation, use _CRT_SECURE_NO_WARNINGS. See online help for details.
  c:\program files (x86)\windows kits\10\include\10.0.16299.0\ucrt\stdio.h(1195): note: 参见“fscanf”的声明
d:\单项选择题标准化考试系统\sms_fileread.cpp(22): warning C4996: 'fscanf': This function or variable may be unsafe. Consider using fscanf_s instead. To disable deprecation, use _CRT_SECURE_NO_WARNINGS. See online help for details.
  c:\program files (x86)\windows kits\10\include\10.0.16299.0\ucrt\stdio.h(1195): note: 参见“fscanf”的声明
  sms_input.cpp
d:\单项选择题标准化考试系统\sms_input.cpp(11): warning C4996: 'fopen': This function or variable may be unsafe. Consider using fopen_s instead. To disable deprecation, use _CRT_SECURE_NO_WARNINGS. See online help for details.
  c:\program files (x86)\windows kits\10\include\10.0.16299.0\ucrt\stdio.h(207): note: 参见“fopen”的声明
d:\单项选择题标准化考试系统\sms_input.cpp(16): warning C4996: 'fopen': This function or variable may be unsafe. Consider using fopen_s instead. To disable deprecation, use _CRT_SECURE_NO_WARNINGS. See online help for details.
  c:\program files (x86)\windows kits\10\include\10.0.16299.0\ucrt\stdio.h(207): note: 参见“fopen”的声明
d:\单项选择题标准化考试系统\sms_input.cpp(4): warning C4101: “ah”: 未引用的局部变量
d:\单项选择题标准化考试系统\sms_input.cpp(7): warning C4101: “filename”: 未引用的局部变量
  sms_judge.cpp
d:\单项选择题标准化考试系统\sms_judge.cpp(6): warning C4018: “<”: 有符号/无符号不匹配
  sms_main.cpp
d:\单项选择题标准化考试系统\sms_main.cpp(20): warning C4996: 'scanf': This function or variable may be unsafe. Consider using scanf_s instead. To disable deprecation, use _CRT_SECURE_NO_WARNINGS. See online help for details.
  c:\program files (x86)\windows kits\10\include\10.0.16299.0\ucrt\stdio.h(1272): note: 参见“scanf”的声明
  正在生成代码...
sms_main.obj : error LNK2019: 无法解析的外部符号 "void __cdecl answer(class std::vector<char,class std::allocator<char> >,int)" (?answer@@YAXV?$vector@DV?$allocator@D@std@@@std@@H@Z)，该符号在函数 _main 中被引用
C:\Users\李远豪\source\repos\单项选择题\Debug\单项选择题.exe : fatal error LNK1120: 1 个无法解析的外部命令
